Could not read previous export (for caching), doing full export.
scrolling_bg: Exporting image
displays: Exporting image
footer: Exporting image
remove_hover: Exporting image
remove_hover_button: Exporting image
livecontent_hover: Exporting image
remove: Exporting image
approve_hover: Exporting image
approve_hover_button: Exporting image
reject_hover_button: Exporting image
inbox_hover: Exporting image
approve: Exporting image
reject: Exporting image
livecontent_4: Exporting image
livecontent_3: Exporting image
livecontent_2: Exporting image
livecontent_1: Exporting image
livecontent: Exporting image
inbox_4: Exporting image
inbox_3: Exporting image
inbox_2: Exporting image
inbox_1: Exporting image
inbox: Exporting image
searchbar: Exporting image
topbar: Exporting image
burgermenu: Exporting image
back_hover: Exporting image
arrow_cursor: Exporting image
29 views changed
Success: /Users/Martin/Documents/Dropbox (Personal)/chute_org/live_event.framer/imported/live event
