Could not read previous export (for caching), doing full export.
scrolling_bg: Exporting image
schedule_hover: Exporting image
schedule_button_hover: Exporting image
mymedia_4_hover: Exporting image
schedule: Exporting image
mymedia_4: Exporting image
request_rights_hover: Exporting image
request_rights_hover_button: Exporting image
photochute_2_hover: Exporting image
request_rights: Exporting image
photochute_4: Exporting image
photochute_3: Exporting image
photochute_2: Exporting image
photochute_1: Exporting image
photochute: Exporting image
footer: Exporting image
mymedia_3: Exporting image
mymedia_2: Exporting image
mymedia_1: Exporting image
mymedia: Exporting image
bg: Exporting image
topbar: Exporting image
burgermenu: Exporting image
back_hover: Exporting image
arrow_cursor: Exporting image
26 views changed
Success: /Users/Martin/Documents/Dropbox (Personal)/chute_org/social_posting.framer/imported/social posting home
